\BOOKMARK [0][-]{section*.2}{\376\377\000I\000n\000t\000r\000o\000d\000u\000z\000i\000o\000n\000e}{}% 1
\BOOKMARK [0][-]{chapter.1}{\376\377\000S\000t\000a\000t\000o\000\040\000d\000e\000l\000l\000'\000a\000r\000t\000e}{}% 2
\BOOKMARK [0][-]{chapter.2}{\376\377\000F\000o\000r\000m\000u\000l\000a\000z\000i\000o\000n\000e\000\040\000m\000a\000t\000e\000m\000a\000t\000i\000c\000a\000\040\000d\000e\000l\000\040\000p\000r\000o\000b\000l\000e\000m\000a}{}% 3
\BOOKMARK [1][-]{section.2.1}{\376\377\000F\000o\000r\000m\000u\000l\000a\000z\000i\000o\000n\000e\000\040\000d\000e\000l\000l\000a\000\040\000r\000i\000c\000e\000r\000c\000a\000\040\000B\000n\000B}{chapter.2}% 4
\BOOKMARK [2][-]{subsection.2.1.1}{\376\377\000F\000o\000r\000m\000u\000l\000a\000z\000i\000o\000n\000e\000\040\000d\000e\000l\000l\000e\000\040\000A\000z\000i\000o\000n\000i\000\040\000d\000i\000\040\000P\000r\000u\000n\000i\000n\000g}{section.2.1}% 5
\BOOKMARK [0][-]{chapter.3}{\376\377\000M\000e\000t\000o\000d\000o\000\040\000a\000d\000o\000t\000t\000a\000t\000o}{}% 6
\BOOKMARK [1][-]{section.3.1}{\376\377\000L\000o\000g\000i\000c\000a\000\040\000c\000o\000m\000u\000n\000e\000\040\000a\000i\000\040\000s\000i\000s\000t\000e\000m\000i\000\040\000d\000i\000\040\000a\000n\000a\000l\000i\000s\000i}{chapter.3}% 7
\BOOKMARK [2][-]{subsection.3.1.1}{\376\377\000S\000e\000l\000e\000z\000i\000o\000n\000e\000\040\000d\000e\000l\000l\000e\000\040\000f\000e\000a\000t\000u\000r\000e\000s}{section.3.1}% 8
\BOOKMARK [1][-]{section.3.2}{\376\377\000T\000e\000c\000n\000i\000c\000h\000e\000\040\000d\000i\000\040\000m\000a\000n\000i\000p\000o\000l\000a\000z\000i\000o\000n\000e\000\040\000d\000e\000i\000\040\000s\000o\000r\000g\000e\000n\000t\000i}{chapter.3}% 9
\BOOKMARK [2][-]{subsection.3.2.1}{\376\377\000M\000a\000n\000i\000p\000o\000l\000a\000z\000i\000o\000n\000i\000\040\000s\000i\000n\000g\000o\000l\000e}{section.3.2}% 10
\BOOKMARK [2][-]{subsection.3.2.2}{\376\377\000M\000a\000n\000i\000p\000o\000l\000a\000z\000i\000o\000n\000i\000\040\000M\000u\000l\000t\000i\000p\000l\000e}{section.3.2}% 11
\BOOKMARK [0][-]{chapter.4}{\376\377\000E\000s\000p\000e\000r\000i\000m\000e\000n\000t\000i\000\040\000e\000\040\000r\000i\000s\000u\000l\000t\000a\000t\000i}{}% 12
\BOOKMARK [1][-]{section.4.1}{\376\377\000T\000e\000s\000t\000\040\000s\000u\000l\000\040\000d\000a\000t\000a\000s\000e\000t\000\040\000C\000I\000F\000A\000R\000-\0001\0000\0000}{chapter.4}% 13
\BOOKMARK [2][-]{subsection.4.1.1}{\376\377\000T\000e\000s\000t\000\040\000c\000o\000n\000\040\000V\000i\000T\000-\000S\000m\000a\000l\000l}{section.4.1}% 14
\BOOKMARK [0][-]{chapter.5}{\376\377\000C\000a\000s\000o\000\040\000d\000i\000\040\000s\000t\000u\000d\000i\000o\000:\000\040\000d\000e\000p\000l\000o\000y\000\040\000s\000u\000\040\000m\000o\000b\000i\000l\000e}{}% 15
\BOOKMARK [1][-]{section.5.1}{\376\377\000R\000a\000z\000e\000\040\000t\000h\000e\000\040\000g\000r\000o\000u\000n\000d\000\040\000a\000\040\000c\000o\000n\000f\000r\000o\000n\000t\000o\000\040\000c\000o\000n\000\040\000M\000C\000T\000S\000\040\000e\000\040\000B\000S}{chapter.5}% 16
\BOOKMARK [1][-]{section.5.2}{\376\377\000R\000a\000z\000e\000\040\000t\000h\000e\000\040\000g\000r\000o\000u\000n\000d\000\040\000a\000\040\000c\000o\000n\000f\000r\000o\000n\000t\000o\000\040\000c\000o\000n\000\040\000N\000U\000O\000V\000O\000/\000I\000\040\000M\000E\000T\000O\000D\000O\000/\000I\000\040\000D\000A\000\040\000T\000R\000O\000V\000A\000T\000E}{chapter.5}% 17
\BOOKMARK [0][-]{section*.5}{\376\377\000C\000o\000n\000c\000l\000u\000s\000i\000o\000n\000i}{}% 18
\BOOKMARK [0][-]{section*.7}{\376\377\000R\000i\000n\000g\000r\000a\000z\000i\000a\000m\000e\000n\000t\000i}{}% 19
\BOOKMARK [0][-]{section*.9}{\376\377\000E\000l\000e\000n\000c\000o\000\040\000d\000e\000l\000l\000e\000\040\000f\000i\000g\000u\000r\000e}{}% 20
\BOOKMARK [0][-]{section*.11}{\376\377\000B\000i\000b\000l\000i\000o\000g\000r\000a\000f\000i\000a}{}% 21
